<?xml version="1.0" ?>
<coverage version="7.8.0" timestamp="1746787872954" lines-valid="7" lines-covered="6" line-rate="0.8571" branches-covered="0" branches-valid="0" branch-rate="0" complexity="0">
	<!-- Generated by coverage.py: https://coverage.readthedocs.io/en/7.8.0 -->
	<!-- Based on https://raw.githubusercontent.com/cobertura/web/master/htdocs/xml/coverage-04.dtd -->
	<sources>
		<source>C:\Users\hp\Documents\Continuous_Integration-with-Unit-and-Integration-Tests</source>
	</sources>
	<packages>
		<package name="." line-rate="0.8571" branch-rate="0" complexity="0">
			<classes>
				<class name="app.py" filename="app.py" complexity="0" line-rate="0.8571" branch-rate="0">
					<methods/>
					<lines>
						<line number="1" hits="1"/>
						<line number="3" hits="1"/>
						<line number="5" hits="1"/>
						<line number="6" hits="1"/>
						<line number="7" hits="1"/>
						<line number="9" hits="1"/>
						<line number="10" hits="0"/>
					</lines>
				</class>
			</classes>
		</package>
	</packages>
</coverage>
